###############################################################################
#
# IAR ANSI C/C++ Compiler V8.32.3.193/W32 for ARM         26/Jun/2019  16:21:38
# Copyright 1999-2019 IAR Systems AB.
#
#    Cpu mode     =  
#    Endian       =  little
#    Source file  =  C:\Development\gzkc_smart_nbiot\utilities\fsl_assert.c
#    Command line =  
#        -f C:\Users\nxf42695\AppData\Local\Temp\2\EW4C2B.tmp
#        (C:\Development\gzkc_smart_nbiot\utilities\fsl_assert.c -D DEBUG -D
#        USE_RTOS -D XIP_EXTERNAL_FLASH=1 -D XIP_BOOT_HEADER_ENABLE=1 -D
#        CPU_MIMXRT1052DVL6B -D FSL_RTOS_FREE_RTOS -D PRINTF_ADVANCED_ENABLE -D
#        "MBEDTLS_CONFIG_FILE=\"ksdk_mbedtls_config.h\"" -lC
#        C:\Development\gzkc_smart_nbiot\flexspi_nor_debug\list -lA
#        C:\Development\gzkc_smart_nbiot\flexspi_nor_debug\list --diag_suppress
#        Pa082,Pa050 -o C:\Development\gzkc_smart_nbiot\flexspi_nor_debug\obj
#        --no_cse --no_unroll --no_inline --no_code_motion --no_tbaa
#        --no_clustering --no_scheduling --debug --endian=little
#        --cpu=Cortex-M7 -e --fpu=VFPv5_d16 --dlib_config "C:\Program Files
#        (x86)\IAR Systems\Embedded Workbench
#        8.2\arm\inc\c\DLib_Config_Normal.h" --preinclude
#        C:\Development\gzkc_smart_nbiot/source\app_preinclude.h -I
#        C:\Development\gzkc_smart_nbiot/board\ -I
#        C:\Development\gzkc_smart_nbiot/source\ -I
#        C:\Development\gzkc_smart_nbiot/CMSIS\ -I
#        C:\Development\gzkc_smart_nbiot/amazon-freertos/freertos/portable\ -I
#        C:\Development\gzkc_smart_nbiot/amazon-freertos/include\ -I
#        C:\Development\gzkc_smart_nbiot/component/lists\ -I
#        C:\Development\gzkc_smart_nbiot/component/serial_manager\ -I
#        C:\Development\gzkc_smart_nbiot/component/uart\ -I
#        C:\Development\gzkc_smart_nbiot/component/kv\ -I
#        C:\Development\gzkc_smart_nbiot/component/kv/include\ -I
#        C:\Development\gzkc_smart_nbiot/device\ -I
#        C:\Development\gzkc_smart_nbiot/doc\ -I
#        C:\Development\gzkc_smart_nbiot/drivers\ -I
#        C:\Development\gzkc_smart_nbiot/src\ -I
#        C:\Development\gzkc_smart_nbiot/startup\ -I
#        C:\Development\gzkc_smart_nbiot/utilities\ -I
#        C:\Development\gzkc_smart_nbiot/xip\ -I
#        C:\Development\gzkc_smart_nbiot\csdk\eng\ -I
#        C:\Development\gzkc_smart_nbiot\csdk\eng\atm\ -I
#        C:\Development\gzkc_smart_nbiot\csdk\eng\dev_model\ -I
#        C:\Development\gzkc_smart_nbiot\csdk\eng\dev_sign\ -I
#        C:\Development\gzkc_smart_nbiot\csdk\eng\infra\ -I
#        C:\Development\gzkc_smart_nbiot\csdk\eng\mqtt\ -I
#        C:\Development\gzkc_smart_nbiot\csdk\eng\wrappers\ -I
#        C:\Development\gzkc_smart_nbiot\csdk\eng\wrappers\external_libs\ -I
#        C:\Development\gzkc_smart_nbiot\csdk\eng\coap_cloud\ -I
#        C:\Development\gzkc_smart_nbiot\csdk\eng\coap_server\ -I
#        C:\Development\gzkc_smart_nbiot\csdk\eng\coap_server\CoAPPacket\ -I
#        C:\Development\gzkc_smart_nbiot\csdk\eng\coap_server\server\ -I
#        C:\Development\gzkc_smart_nbiot\csdk\eng\dev_bind\ -I
#        C:\Development\gzkc_smart_nbiot\csdk\eng\dev_bind\impl\ -I
#        C:\Development\gzkc_smart_nbiot\csdk\eng\dev_bind\impl\os\ -I
#        C:\Development\gzkc_smart_nbiot\csdk\eng\dev_bind\impl\awss_reset\ -I
#        C:\Development\gzkc_smart_nbiot\mbedtls\include\mbedtls\ -I
#        C:\Development\gzkc_smart_nbiot\mbedtls\include\ -I
#        C:\Development\gzkc_smart_nbiot\mbedtls\port\ksdk\ -Om)
#    Locale       =  C
#    List file    =  
#        C:\Development\gzkc_smart_nbiot\flexspi_nor_debug\list\fsl_assert.lst
#    Object file  =  
#        C:\Development\gzkc_smart_nbiot\flexspi_nor_debug\obj\fsl_assert.o
#
###############################################################################

C:\Development\gzkc_smart_nbiot\utilities\fsl_assert.c
      1          /*
      2           * Copyright (c) 2015-2016, Freescale Semiconductor, Inc.
      3           * Copyright 2016-2017 NXP
      4           * All rights reserved.
      5           *
      6           *
      7           * SPDX-License-Identifier: BSD-3-Clause
      8           */
      9          
     10          #include "fsl_common.h"
     11          #include "fsl_debug_console.h"
     12          
     13          #ifndef NDEBUG
     14          #if (defined(__CC_ARM)) || (defined(__ARMCC_VERSION)) || (defined(__ICCARM__))

   \                                 In section .text, align 4, keep-with-next
     15          void __aeabi_assert(const char *failedExpr, const char *file, int line)
     16          {
   \                     __aeabi_assert: (+1)
   \        0x0   0xB580             PUSH     {R7,LR}
   \        0x2   0x4613             MOV      R3,R2
     17              PRINTF("ASSERT ERROR \" %s \": file \"%s\" Line \"%d\" \n", failedExpr, file, line);
   \        0x4   0x460A             MOV      R2,R1
   \        0x6   0x4601             MOV      R1,R0
   \        0x8   0x4802             LDR.N    R0,??__aeabi_assert_0
   \        0xA   0x....'....        BL       DbgConsole_Printf
     18              for (;;)
     19              {
     20                  __BKPT(0);
   \                     ??__aeabi_assert_1: (+1)
   \        0xE   0xBE00             BKPT     #0x0
   \       0x10   0xE7FD             B.N      ??__aeabi_assert_1
   \       0x12   0xBF00             Nop      
   \                     ??__aeabi_assert_0:
   \       0x14   0x....'....        DC32     ?_0
     21              }
     22          }

   \                                 In section .rodata, align 4
   \                     ?_0:
   \        0x0   0x41 0x53          DC8 "ASSERT ERROR \" %s \": file \"%s\" Line \"%d\" \012"
   \              0x53 0x45    
   \              0x52 0x54    
   \              0x20 0x45    
   \              0x52 0x52    
   \              0x4F 0x52    
   \              0x20 0x22    
   \              0x20 0x25    
   \              0x73 0x20    
   \              0x22 0x3A    
   \              0x20 0x66    
   \              0x69 0x6C    
   \              0x65 0x20    
   \              0x22 0x25    
   \              0x73 0x22    
   \              0x20 0x4C    
   \              0x69 0x6E    
   \              0x65 0x20    
   \              0x22 0x25    
   \              0x64 0x22    
   \              0x20 0x0A    
   \              0x00         
   \       0x2B   0x00               DC8 0
     23          #elif (defined(__GNUC__))
     24          void __assert_func(const char *file, int line, const char *func, const char *failedExpr)
     25          {
     26              PRINTF("ASSERT ERROR \" %s \": file \"%s\" Line \"%d\" function name \"%s\" \n", failedExpr, file, line, func);
     27              for (;;)
     28              {
     29                  __BKPT(0);
     30              }
     31          }
     32          #endif /* (defined(__CC_ARM) || (defined(__ICCARM__)) || (defined(__ARMCC_VERSION)) */
     33          #endif /* NDEBUG */

   Maximum stack usage in bytes:

   .cstack Function
   ------- --------
       8   __aeabi_assert
         8   -> DbgConsole_Printf


   Section sizes:

   Bytes  Function/Label
   -----  --------------
      44  ?_0
      24  __aeabi_assert

 
 44 bytes in section .rodata
 24 bytes in section .text
 
 24 bytes of CODE  memory
 44 bytes of CONST memory

Errors: none
Warnings: none
